2024-09-01 16:37:14.607  WARN 18464 --- [HikariPool-1 housekeeper] com.zaxxer.hikari.pool.HikariPool        : HikariPool-1 - Thread starvation or clock leap detected (housekeeper delta=2d16h48m13s260ms955µs).
2024-09-01 16:41:56.002  WARN 18464 --- [HikariPool-1 housekeeper] com.zaxxer.hikari.pool.HikariPool        : HikariPool-1 - Thread starvation or clock leap detected (housekeeper delta=45s168ms733µs300ns).
2024-09-26 23:13:33.958  INFO 14692 --- [restartedMain] com.jbk.TrackMyClassApplication          : Starting TrackMyClassApplication using Java 17.0.2 on Akanksha with PID 14692 (C:\Users\AKANKSHA\Downloads\TrackMyClass\target\classes started by AKANKSHA in C:\Users\AKANKSHA\Downloads\TrackMyClass)
2024-09-26 23:13:33.960  INFO 14692 --- [restartedMain] com.jbk.TrackMyClassApplication          : No active profile set, falling back to default profiles: default
2024-09-26 23:13:34.222  INFO 14692 --- [restartedMain] .e.DevToolsPropertyDefaultsPostProcessor : Devtools property defaults active! Set 'spring.devtools.add-properties' to 'false' to disable
2024-09-26 23:13:34.224  INFO 14692 --- [restartedMain] .e.DevToolsPropertyDefaultsPostProcessor : For additional web related logging consider setting the 'logging.level.web' property to 'DEBUG'
2024-09-26 23:13:37.724  INFO 14692 --- [restartedMain] .s.d.r.c.RepositoryConfigurationDelegate : Bootstrapping Spring Data JPA repositories in DEFAULT mode.
2024-09-26 23:13:37.805  INFO 14692 --- [restartedMain] .s.d.r.c.RepositoryConfigurationDelegate : Finished Spring Data repository scanning in 63 ms. Found 0 JPA repository interfaces.
2024-09-26 23:13:40.949  INFO 14692 --- [restartedMain] o.s.b.w.embedded.tomcat.TomcatWebServer  : Tomcat initialized with port(s): 8093 (http)
2024-09-26 23:13:41.034  INFO 14692 --- [restartedMain] o.apache.catalina.core.StandardService   : Starting service [Tomcat]
2024-09-26 23:13:41.035  INFO 14692 --- [restartedMain] org.apache.catalina.core.StandardEngine  : Starting Servlet engine: [Apache Tomcat/9.0.54]
2024-09-26 23:13:41.296  INFO 14692 --- [restartedMain] o.a.c.c.C.[Tomcat].[localhost].[/]       : Initializing Spring embedded WebApplicationContext
2024-09-26 23:13:41.298  INFO 14692 --- [restartedMain] w.s.c.ServletWebServerApplicationContext : Root WebApplicationContext: initialization completed in 7056 ms
2024-09-26 23:13:42.029  INFO 14692 --- [restartedMain] o.hibernate.jpa.internal.util.LogHelper  : HHH000204: Processing PersistenceUnitInfo [name: default]
2024-09-26 23:13:42.265  INFO 14692 --- [restartedMain] org.hibernate.Version                    : HHH000412: Hibernate ORM core version 5.4.32.Final
2024-09-26 23:13:42.963  INFO 14692 --- [restartedMain] o.hibernate.annotations.common.Version   : HCANN000001: Hibernate Commons Annotations {5.1.2.Final}
2024-09-26 23:13:43.367  INFO 14692 --- [restartedMain] com.zaxxer.hikari.HikariDataSource       : HikariPool-1 - Starting...
2024-09-26 23:13:45.053  INFO 14692 --- [restartedMain] com.zaxxer.hikari.HikariDataSource       : HikariPool-1 - Start completed.
2024-09-26 23:13:45.137  INFO 14692 --- [restartedMain] org.hibernate.dialect.Dialect            : HHH000400: Using dialect: org.hibernate.dialect.MySQL8Dialect
2024-09-26 23:14:03.042  INFO 14692 --- [restartedMain] o.h.e.t.j.p.i.JtaPlatformInitiator       : HHH000490: Using JtaPlatform implementation: [org.hibernate.engine.transaction.jta.platform.internal.NoJtaPlatform]
2024-09-26 23:14:03.076  INFO 14692 --- [restartedMain] j.LocalContainerEntityManagerFactoryBean : Initialized JPA EntityManagerFactory for persistence unit 'default'
2024-09-26 23:14:03.398  WARN 14692 --- [restartedMain] JpaBaseConfiguration$JpaWebConfiguration : spring.jpa.open-in-view is enabled by default. Therefore, database queries may be performed during view rendering. Explicitly configure spring.jpa.open-in-view to disable this warning
2024-09-26 23:14:04.867  INFO 14692 --- [restartedMain] o.s.b.d.a.OptionalLiveReloadServer       : LiveReload server is running on port 35729
2024-09-26 23:14:04.991  INFO 14692 --- [restartedMain] o.s.b.w.embedded.tomcat.TomcatWebServer  : Tomcat started on port(s): 8093 (http) with context path ''
2024-09-26 23:14:05.005  INFO 14692 --- [restartedMain] com.jbk.TrackMyClassApplication          : Started TrackMyClassApplication in 32.825 seconds (JVM running for 34.94)
2024-09-26 23:14:05.011  INFO 14692 --- [restartedMain] com.jbk.TrackMyClassApplication          : App Started
2024-09-26 23:15:22.333  INFO 14692 --- [http-nio-8093-exec-1] o.a.c.c.C.[Tomcat].[localhost].[/]       : Initializing Spring DispatcherServlet 'dispatcherServlet'
2024-09-26 23:15:22.348  INFO 14692 --- [http-nio-8093-exec-1] o.s.web.servlet.DispatcherServlet        : Initializing Servlet 'dispatcherServlet'
2024-09-26 23:15:22.352  INFO 14692 --- [http-nio-8093-exec-1] o.s.web.servlet.DispatcherServlet        : Completed initialization in 3 ms
2024-09-26 23:31:33.519  WARN 14692 --- [http-nio-8093-exec-8] .w.s.m.s.DefaultHandlerExceptionResolver : Resolved [org.springframework.web.HttpRequestMethodNotSupportedException: Request method 'POST' not supported]
